<?xml version="1.0" encoding="UTF-8"?>
<testng-results ignored="0" total="2" passed="2" failed="0" skipped="0">
  <reporter-output>
  </reporter-output>
  <suite started-at="2021-02-12T06:00:54Z" name="Default suite" finished-at="2021-02-12T06:01:13Z" duration-ms="19758">
    <groups>
    </groups>
    <test started-at="2021-02-12T06:00:54Z" name="Default test" finished-at="2021-02-12T06:01:13Z" duration-ms="19758">
      <class name="com.testcases.TC01_HRM_Loginpage_with_valid_credentials">
        <test-method is-config="true" signature="lounchBrowser()[pri:0, instance:com.testcases.TC01_HRM_Loginpage_with_valid_credentials@11bb571c]" started-at="2021-02-12T06:00:54Z" name="lounchBrowser" finished-at="2021-02-12T06:01:04Z" duration-ms="10043" status="PASS">
          <reporter-output>
          </reporter-output>
        </test-method> <!-- lounchBrowser -->
        <test-method signature="login_with_invalid_credentials()[pri:0, instance:com.testcases.TC01_HRM_Loginpage_with_valid_credentials@11bb571c]" started-at="2021-02-12T06:01:04Z" name="login_with_invalid_credentials" finished-at="2021-02-12T06:01:08Z" duration-ms="3908" status="PASS">
          <reporter-output>
          </reporter-output>
        </test-method> <!-- login_with_invalid_credentials -->
        <test-method signature="login_with_valid_credentials()[pri:0, instance:com.testcases.TC01_HRM_Loginpage_with_valid_credentials@11bb571c]" started-at="2021-02-12T06:01:08Z" name="login_with_valid_credentials" finished-at="2021-02-12T06:01:13Z" duration-ms="4870" status="PASS">
          <reporter-output>
          </reporter-output>
        </test-method> <!-- login_with_valid_credentials -->
        <test-method is-config="true" signature="closeBrowser()[pri:0, instance:com.testcases.TC01_HRM_Loginpage_with_valid_credentials@11bb571c]" started-at="2021-02-12T06:01:13Z" name="closeBrowser" finished-at="2021-02-12T06:01:13Z" duration-ms="902" status="PASS">
          <reporter-output>
          </reporter-output>
        </test-method> <!-- closeBrowser -->
      </class> <!-- com.testcases.TC01_HRM_Loginpage_with_valid_credentials -->
    </test> <!-- Default test -->
  </suite> <!-- Default suite -->
</testng-results>
